Build started 2/19/2012 11:24:54 AM.
     1>Project "C:\Users\Evan\Documents\Classes\CSE 380\CSE380_Spring2012_Projects\SimpleSideScrollerFramework\SimpleSideScrollerFramework.vcxproj" on node 2 (build target(s)).
     1>InitializeBuildStatus:
         Touching "C:\Users\Evan\Documents\Classes\CSE 380\CSE380_Spring2012_Projects\Temp\SimpleSideScrollerFramework\Debug\SimpleSideScrollerFramework.unsuccessfulbuild".
       ClCompile:
         c:\Program Files (x86)\Microsoft Visual Studio 10.0\VC\bin\CL.exe /c /I"C:\Users\Evan\Documents\Classes\CSE 380\CSE380_Spring2012_Projects\SimpleSideScrollerFramework\\" /ZI /nologo /W3 /WX- /Od /Oy- /D WIN32 /D _DEBUG /D _LIB /D _UNICODE /D UNICODE /Gm /EHsc /RTC1 /MDd /GS /fp:precise /Zc:wchar_t /Zc:forScope /Yc"StdAfx.h" /Fp"C:\Users\Evan\Documents\Classes\CSE 380\CSE380_Spring2012_Projects\Temp\SimpleSideScrollerFramework\Debug\SimpleSideScrollerFramework.pch" /Fo"C:\Users\Evan\Documents\Classes\CSE 380\CSE380_Spring2012_Projects\Temp\SimpleSideScrollerFramework\Debug\\" /Fd"C:\Users\Evan\Documents\Classes\CSE 380\CSE380_Spring2012_Projects\Temp\SimpleSideScrollerFramework\Debug\vc100.pdb" /Gd /TP /analyze- /errorReport:prompt stdafx.cpp
         stdafx.cpp
     1>c:\users\evan\documents\classes\cse 380\cse380_spring2012_projects\simplesidescrollerframework\stdafx.h(43): fatal error C1083: Cannot open include file: 'd3dx9.h': No such file or directory
     1>Done Building Project "C:\Users\Evan\Documents\Classes\CSE 380\CSE380_Spring2012_Projects\SimpleSideScrollerFramework\SimpleSideScrollerFramework.vcxproj" (build target(s)) -- FAILED.

Build FAILED.

Time Elapsed 00:00:02.99
